<?xml version="1.0" encoding="UTF-8"?>
<!-- Generated by org.testng.reporters.JUnitXMLReporter -->
<testsuite ignored="0" hostname="ITs-MacBook-Pro.local" failures="0" tests="3" name="Test1" time="9.798" errors="0" timestamp="2020-06-10T15:07:33 ICT">
  <testcase classname="seleniumTests.dropdown.DropDownPageTest" name="selectDropdown" time="0.773"/>
  <testcase classname="seleniumTests.homePage.HomePageTest" name="testFormAuthentication" time="2.062"/>
  <testcase classname="seleniumTests.homePage.HomePageTest" name="testFrames" time="1.225"/>
</testsuite> <!-- Test1 -->
