<?xml version="1.0" encoding="UTF-8"?>
<testsuite xmlns:xsi="http://www.w3.org/2001/XMLSchema-instance" xsi:noNamespaceSchemaLocation="https://maven.apache.org/surefire/maven-surefire-plugin/xsd/surefire-test-report.xsd" name="TestSuite" time="10.235" tests="3" errors="0" skipped="0" failures="0">
  <properties>
[...]
</properties>
  <testcase name="selectDropdown" classname="seleniumTests.dropdown.DropDownPageTest" time="0.78"/>
  <testcase name="testFormAuthentication" classname="seleniumTests.homePage.HomePageTest" time="1.544"/>
  <testcase name="testFrames" classname="seleniumTests.homePage.HomePageTest" time="1.225"/>
</testsuite>