<?xml version="1.0" encoding="UTF-8" standalone="no"?>
<testsuite errors="0" failures="0" name="io.cucumber.core.plugin.JUnitFormatter" skipped="0" tests="2" time="14.871">
    <testcase classname="Login Functionality" name="Login Successful" time="9.028">
        <system-out><![CDATA[Given I am in the login page of the Para Bank Application...................passed
When I click on Authenticate link...........................................passed
And I enter valid "tomsmith" and "SuperSecretPassword!".....................passed
Then I should be taken to the Overview page. "tomsmith".....................passed
]]></system-out>
    </testcase>
    <testcase classname="Login Functionality" name="Login Successful" time="5.491">
        <system-out><![CDATA[Given I am in the login page of the Para Bank Application...................passed
When I click on Authenticate link...........................................passed
And I enter valid "tomsmith" and "SuperSecretPassword!".....................passed
Then I should be taken to the Overview page. "tomsmith".....................passed
]]></system-out>
    </testcase>
</testsuite>
